#
# There is insufficient memory for the Java Runtime Environment to continue.
# Native memory allocation (malloc) failed to allocate 32744 bytes for ChunkPool::allocate
# Possible reasons:
#   The system is out of physical RAM or swap space
#   In 32 bit mode, the process size limit was hit
# Possible solutions:
#   Reduce memory load on the system
#   Increase physical memory or swap space
#   Check if swap backing store is full
#   Use 64 bit Java on a 64 bit OS
#   Decrease Java heap size (-Xmx/-Xms)
#   Decrease number of Java threads
#   Decrease Java thread stack sizes (-Xss)
#   Set larger code cache with -XX:ReservedCodeCacheSize=
# This output file may be truncated or incomplete.
#
#  Out of Memory Error (allocation.cpp:273), pid=18656, tid=0x0000000000003b88
#
# JRE version: Java(TM) SE Runtime Environment (8.0_112-b15) (build 1.8.0_112-b15)
# Java VM: Java HotSpot(TM) 64-Bit Server VM (25.112-b15 mixed mode windows-amd64 compressed oops)
# Failed to write core dump. Minidumps are not enabled by default on client versions of Windows
#

---------------  T H R E A D  ---------------

Current thread (0x000000001928e800):  JavaThread "C2 CompilerThread0" daemon [_thread_in_native, id=15240, stack(0x000000001a890000,0x000000001a990000)]

Stack: [0x000000001a890000,0x000000001a990000]
[error occurred during error reporting (printing stack bounds), id 0xc0000005]

Native frames: (J=compiled Java code, j=interpreted, Vv=VM code, C=native code)


Current CompileTask:
C2:  61849 3143   !   4       sun.awt.PostEventQueue::flush (168 bytes)


---------------  P R O C E S S  ---------------

Java Threads: ( => current thread )
  0x0000000002092800 JavaThread "DestroyJavaVM" [_thread_blocked, id=14116, stack(0x0000000001c90000,0x0000000001d90000)]
  0x000000001c2cb000 JavaThread "TimerQueue" daemon [_thread_blocked, id=3760, stack(0x000000001e350000,0x000000001e450000)]
  0x000000001c2f7000 JavaThread "AWT-EventQueue-0" [_thread_blocked, id=13452, stack(0x000000001e250000,0x000000001e350000)]
  0x000000001c0f6000 JavaThread "AWT-Windows" daemon [_thread_in_native, id=8440, stack(0x000000001d8b0000,0x000000001d9b0000)]
  0x000000001c0f5800 JavaThread "AWT-Shutdown" [_thread_blocked, id=9916, stack(0x000000001d7b0000,0x000000001d8b0000)]
  0x000000001b9c2800 JavaThread "Java2D Disposer" daemon [_thread_blocked, id=9656, stack(0x000000001d6b0000,0x000000001d7b0000)]
  0x000000001b305000 JavaThread "MemoryTimer-Manage2W.accdb" daemon [_thread_blocked, id=15412, stack(0x000000001bb70000,0x000000001bc70000)]
  0x000000001abb3000 JavaThread "Service Thread" daemon [_thread_blocked, id=14844, stack(0x000000001af90000,0x000000001b090000)]
  0x0000000019293800 JavaThread "C1 CompilerThread2" daemon [_thread_blocked, id=11292, stack(0x000000001aa90000,0x000000001ab90000)]
  0x0000000019290800 JavaThread "C2 CompilerThread1" daemon [_thread_blocked, id=1588, stack(0x000000001a990000,0x000000001aa90000)]
=>0x000000001928e800 JavaThread "C2 CompilerThread0" daemon [_thread_in_native, id=15240, stack(0x000000001a890000,0x000000001a990000)]
  0x0000000019288800 JavaThread "Attach Listener" daemon [_thread_blocked, id=8100, stack(0x000000001a790000,0x000000001a890000)]
  0x0000000019287800 JavaThread "Signal Dispatcher" daemon [_thread_blocked, id=19028, stack(0x000000001a690000,0x000000001a790000)]
  0x000000000218e000 JavaThread "Finalizer" daemon [_thread_blocked, id=16420, stack(0x000000001a4a0000,0x000000001a5a0000)]
  0x0000000002183000 JavaThread "Reference Handler" daemon [_thread_blocked, id=13004, stack(0x000000001a3a0000,0x000000001a4a0000)]

Other Threads:
  0x0000000019207000 VMThread [stack: 0x000000001a2a0000,0x000000001a3a0000] [id=11716]
  0x000000001ac62800 WatcherThread [stack: 0x000000001b090000,0x000000001b190000] [id=16696]

VM state:not at safepoint (normal execution)

VM Mutex/Monitor currently owned by a thread: None

Heap:
 PSYoungGen      total 57344K, used 25251K [0x0000000780a00000, 0x0000000784a00000, 0x00000007c0000000)
  eden space 49152K, 51% used [0x0000000780a00000,0x00000007822a8d70,0x0000000783a00000)
  from space 8192K, 0% used [0x0000000784200000,0x0000000784200000,0x0000000784a00000)
  to   space 8192K, 0% used [0x0000000783a00000,0x0000000783a00000,0x0000000784200000)
 ParOldGen       total 93696K, used 9543K [0x0000000701e00000, 0x0000000707980000, 0x0000000780a00000)
  object space 93696K, 10% used [0x0000000701e00000,0x0000000702751d08,0x0000000707980000)
 Metaspace       used 25893K, capacity 26150K, committed 26624K, reserved 1073152K
  class space    used 2961K, capacity 3035K, committed 3072K, reserved 1048576K

Card table byte_map: [0x0000000011550000,0x0000000011b50000] byte_map_base: 0x000000000dd41000

Marking Bits: (ParMarkBitMap*) 0x000000005b62a6d0
 Begin Bits: [0x0000000012350000, 0x00000000152d8000)
 End Bits:   [0x00000000152d8000, 0x0000000018260000)

Polling page: 0x0000000000380000

CodeCache: size=245760Kb used=10171Kb max_used=10182Kb free=235588Kb
 bounds [0x0000000002190000, 0x0000000002b90000, 0x0000000011190000]
 total_blobs=3785 nmethods=3142 adapters=554
 compilation: enabled

Compilation events (10 events):
Event: 28.882 Thread 0x0000000019293800 nmethod 3138 0x0000000002b83310 code [0x0000000002b83460, 0x0000000002b83570]
Event: 30.679 Thread 0x000000001928e800 3139       4       java.awt.Component::isVisible (5 bytes)
Event: 30.679 Thread 0x000000001928e800 nmethod 3139 0x0000000002b82890 code [0x0000000002b829c0, 0x0000000002b82a18]
Event: 34.179 Thread 0x0000000019290800 3140       4       sun.awt.AWTAutoShutdown::isReadyToShutdown (37 bytes)
Event: 34.180 Thread 0x0000000019290800 nmethod 3140 0x0000000002b84b90 code [0x0000000002b84ce0, 0x0000000002b84d98]
Event: 39.726 Thread 0x000000001928e800 3141       4       javax.swing.JComponent::getWidth (5 bytes)
Event: 39.726 Thread 0x000000001928e800 nmethod 3141 0x0000000002b4be90 code [0x0000000002b4bfc0, 0x0000000002b4c018]
Event: 45.325 Thread 0x000000001928e800 3142       4       java.util.concurrent.locks.ReentrantLock$NonfairSync::tryAcquire (6 bytes)
Event: 45.326 Thread 0x000000001928e800 nmethod 3142 0x0000000002b84890 code [0x0000000002b849c0, 0x0000000002b84ab8]
Event: 61.577 Thread 0x000000001928e800 3143   !   4       sun.awt.PostEventQueue::flush (168 bytes)

GC Heap History (6 events):
Event: 1.851 GC heap before
{Heap before GC invocations=1 (full 0):
 PSYoungGen      total 57344K, used 49152K [0x0000000780a00000, 0x0000000784a00000, 0x00000007c0000000)
  eden space 49152K, 100% used [0x0000000780a00000,0x0000000783a00000,0x0000000783a00000)
  from space 8192K, 0% used [0x0000000784200000,0x0000000784200000,0x0000000784a00000)
  to   space 8192K, 0% used [0x0000000783a00000,0x0000000783a00000,0x0000000784200000)
 ParOldGen       total 131072K, used 0K [0x0000000701e00000, 0x0000000709e00000, 0x0000000780a00000)
  object space 131072K, 0% used [0x0000000701e00000,0x0000000701e00000,0x0000000709e00000)
 Metaspace       used 14582K, capacity 14776K, committed 15104K, reserved 1062912K
  class space    used 1397K, capacity 1467K, committed 1536K, reserved 1048576K
Event: 1.862 GC heap after
Heap after GC invocations=1 (full 0):
 PSYoungGen      total 57344K, used 8173K [0x0000000780a00000, 0x0000000784a00000, 0x00000007c0000000)
  eden space 49152K, 0% used [0x0000000780a00000,0x0000000780a00000,0x0000000783a00000)
  from space 8192K, 99% used [0x0000000783a00000,0x00000007841fb618,0x0000000784200000)
  to   space 8192K, 0% used [0x0000000784200000,0x0000000784200000,0x0000000784a00000)
 ParOldGen       total 131072K, used 1846K [0x0000000701e00000, 0x0000000709e00000, 0x0000000780a00000)
  object space 131072K, 1% used [0x0000000701e00000,0x0000000701fcd838,0x0000000709e00000)
 Metaspace       used 14582K, capacity 14776K, committed 15104K, reserved 1062912K
  class space    used 1397K, capacity 1467K, committed 1536K, reserved 1048576K
}
Event: 2.555 GC heap before
{Heap before GC invocations=2 (full 0):
 PSYoungGen      total 57344K, used 28990K [0x0000000780a00000, 0x0000000784a00000, 0x00000007c0000000)
  eden space 49152K, 42% used [0x0000000780a00000,0x0000000781e54430,0x0000000783a00000)
  from space 8192K, 99% used [0x0000000783a00000,0x00000007841fb618,0x0000000784200000)
  to   space 8192K, 0% used [0x0000000784200000,0x0000000784200000,0x0000000784a00000)
 ParOldGen       total 131072K, used 1846K [0x0000000701e00000, 0x0000000709e00000, 0x0000000780a00000)
  object space 131072K, 1% used [0x0000000701e00000,0x0000000701fcd838,0x0000000709e00000)
 Metaspace       used 20885K, capacity 21022K, committed 21248K, reserved 1069056K
  class space    used 2160K, capacity 2227K, committed 2304K, reserved 1048576K
Event: 2.565 GC heap after
Heap after GC invocations=2 (full 0):
 PSYoungGen      total 57344K, used 8164K [0x0000000780a00000, 0x0000000784a00000, 0x00000007c0000000)
  eden space 49152K, 0% used [0x0000000780a00000,0x0000000780a00000,0x0000000783a00000)
  from space 8192K, 99% used [0x0000000784200000,0x00000007849f90c0,0x0000000784a00000)
  to   space 8192K, 0% used [0x0000000783a00000,0x0000000783a00000,0x0000000784200000)
 ParOldGen       total 131072K, used 3269K [0x0000000701e00000, 0x0000000709e00000, 0x0000000780a00000)
  object space 131072K, 2% used [0x0000000701e00000,0x0000000702131450,0x0000000709e00000)
 Metaspace       used 20885K, capacity 21022K, committed 21248K, reserved 1069056K
  class space    used 2160K, capacity 2227K, committed 2304K, reserved 1048576K
}
Event: 2.565 GC heap before
{Heap before GC invocations=3 (full 1):
 PSYoungGen      total 57344K, used 8164K [0x0000000780a00000, 0x0000000784a00000, 0x00000007c0000000)
  eden space 49152K, 0% used [0x0000000780a00000,0x0000000780a00000,0x0000000783a00000)
  from space 8192K, 99% used [0x0000000784200000,0x00000007849f90c0,0x0000000784a00000)
  to   space 8192K, 0% used [0x0000000783a00000,0x0000000783a00000,0x0000000784200000)
 ParOldGen       total 131072K, used 3269K [0x0000000701e00000, 0x0000000709e00000, 0x0000000780a00000)
  object space 131072K, 2% used [0x0000000701e00000,0x0000000702131450,0x0000000709e00000)
 Metaspace       used 20885K, capacity 21022K, committed 21248K, reserved 1069056K
  class space    used 2160K, capacity 2227K, committed 2304K, reserved 1048576K
Event: 2.612 GC heap after
Heap after GC invocations=3 (full 1):
 PSYoungGen      total 57344K, used 0K [0x0000000780a00000, 0x0000000784a00000, 0x00000007c0000000)
  eden space 49152K, 0% used [0x0000000780a00000,0x0000000780a00000,0x0000000783a00000)
  from space 8192K, 0% used [0x0000000784200000,0x0000000784200000,0x0000000784a00000)
  to   space 8192K, 0% used [0x0000000783a00000,0x0000000783a00000,0x0000000784200000)
 ParOldGen       total 93696K, used 9543K [0x0000000701e00000, 0x0000000707980000, 0x0000000780a00000)
  object space 93696K, 10% used [0x0000000701e00000,0x0000000702751d08,0x0000000707980000)
 Metaspace       used 20885K, capacity 21022K, committed 21248K, reserved 1069056K
  class space    used 2160K, capacity 2227K, committed 2304K, reserved 1048576K
}

Deoptimization events (10 events):
Event: 3.812 Thread 0x000000001c2f7000 Uncommon trap: reason=bimorphic action=maybe_recompile pc=0x000000000270420c method=java.util.regex.Pattern$5.isSatisfiedBy(I)Z @ 5
Event: 3.812 Thread 0x000000001c2f7000 Uncommon trap: reason=unstable_if action=reinterpret pc=0x000000000284f3cc method=java.lang.StringBuffer.toString()Ljava/lang/String; @ 4
Event: 4.094 Thread 0x000000001c2f7000 Uncommon trap: reason=unstable_if action=reinterpret pc=0x0000000002a0b2d8 method=com.sun.imageio.plugins.gif.GIFImageReader.getCode(II)I @ 51
Event: 5.599 Thread 0x000000001c2f7000 Uncommon trap: reason=class_check action=maybe_recompile pc=0x00000000023178d8 method=java.lang.String.equals(Ljava/lang/Object;)Z @ 8
Event: 5.846 Thread 0x000000001c2f7000 Uncommon trap: reason=class_check action=maybe_recompile pc=0x00000000023178d8 method=java.lang.String.equals(Ljava/lang/Object;)Z @ 8
Event: 5.846 Thread 0x000000001c2f7000 Uncommon trap: reason=class_check action=maybe_recompile pc=0x00000000023178d8 method=java.lang.String.equals(Ljava/lang/Object;)Z @ 8
Event: 5.846 Thread 0x000000001c2f7000 Uncommon trap: reason=class_check action=maybe_recompile pc=0x00000000023178d8 method=java.lang.String.equals(Ljava/lang/Object;)Z @ 8
Event: 7.322 Thread 0x000000001c2f7000 Uncommon trap: reason=unstable_if action=reinterpret pc=0x00000000028e4228 method=java.lang.Character.isSurrogate(C)Z @ 3
Event: 7.350 Thread 0x000000001c2f7000 Uncommon trap: reason=unstable_if action=reinterpret pc=0x00000000026ce144 method=java.util.regex.Pattern.compile()V @ 126
Event: 7.352 Thread 0x000000001c2f7000 Uncommon trap: reason=bimorphic action=maybe_recompile pc=0x0000000002a063ac method=javax.swing.UIDefaults.getFromHashtable(Ljava/lang/Object;)Ljava/lang/Object; @ 126

Internal exceptions (10 events):
Event: 0.059 Thread 0x0000000002092800 Exception <a 'java/lang/NoSuchMethodError': Method sun.misc.Unsafe.prefetchRead(Ljava/lang/Object;J)V name or signature does not match> (0x0000000780a07f60) thrown at [C:\re\workspace\8-2-build-windows-amd64-cygwin\jdk8u112\7884\hotspot\src\share\vm\prims
Event: 0.187 Thread 0x0000000002092800 Exception <a 'java/security/PrivilegedActionException'> (0x0000000780aa33b0) thrown at [C:\re\workspace\8-2-build-windows-amd64-cygwin\jdk8u112\7884\hotspot\src\share\vm\prims\jvm.cpp, line 1390]
Event: 0.187 Thread 0x0000000002092800 Exception <a 'java/security/PrivilegedActionException'> (0x0000000780aa35c0) thrown at [C:\re\workspace\8-2-build-windows-amd64-cygwin\jdk8u112\7884\hotspot\src\share\vm\prims\jvm.cpp, line 1390]
Event: 0.188 Thread 0x0000000002092800 Exception <a 'java/security/PrivilegedActionException'> (0x0000000780aa74a8) thrown at [C:\re\workspace\8-2-build-windows-amd64-cygwin\jdk8u112\7884\hotspot\src\share\vm\prims\jvm.cpp, line 1390]
Event: 0.188 Thread 0x0000000002092800 Exception <a 'java/security/PrivilegedActionException'> (0x0000000780aa76b8) thrown at [C:\re\workspace\8-2-build-windows-amd64-cygwin\jdk8u112\7884\hotspot\src\share\vm\prims\jvm.cpp, line 1390]
Event: 0.204 Thread 0x0000000002092800 Exception <a 'java/io/FileNotFoundException'> (0x0000000780aa9db8) thrown at [C:\re\workspace\8-2-build-windows-amd64-cygwin\jdk8u112\7884\hotspot\src\share\vm\prims\jni.cpp, line 709]
Event: 0.249 Thread 0x0000000002092800 Exception <a 'java/lang/NoSuchFieldError': method resolution failed> (0x0000000780c6dc00) thrown at [C:\re\workspace\8-2-build-windows-amd64-cygwin\jdk8u112\7884\hotspot\src\share\vm\prims\methodHandles.cpp, line 1146]
Event: 0.252 Thread 0x0000000002092800 Exception <a 'java/lang/NoSuchFieldError': method resolution failed> (0x0000000780c7afd0) thrown at [C:\re\workspace\8-2-build-windows-amd64-cygwin\jdk8u112\7884\hotspot\src\share\vm\prims\methodHandles.cpp, line 1146]
Event: 0.297 Thread 0x0000000002092800 Implicit null exception at 0x000000000230705c to 0x0000000002307235
Event: 2.181 Thread 0x0000000002092800 Exception <a 'java/io/FileNotFoundException'> (0x00000007816a5910) thrown at [C:\re\workspace\8-2-build-windows-amd64-cygwin\jdk8u112\7884\hotspot\src\share\vm\prims\jni.cpp, line 709]

Events (10 events):
Event: 7.375 loading class java/awt/WaitDispatchSupport done
Event: 7.375 loading class java/awt/WaitDispatchSupport$5
Event: 7.375 loading class java/awt/WaitDispatchSupport$5 done
Event: 7.375 loading class java/awt/WaitDispatchSupport$1
Event: 7.375 loading class java/awt/WaitDispatchSupport$1 done
Event: 7.375 loading class java/awt/WaitDispatchSupport$2
Event: 7.375 loading class java/awt/WaitDispatchSupport$2 done
Event: 7.375 loading class java/awt/WaitDispatchSupport$4
Event: 7.375 loading class java/awt/WaitDispatchSupport$4 done
Event: 12.349 Thread 0x000000001c0aa000 Thread exited: 0x000000001c0aa000


Dynamic libraries:
0x000007f7ab110000 - 0x000007f7ab147000 	C:\Program Files\Java\jdk1.8.0_112\bin\javaw.exe
0x000007fab2290000 - 0x000007fab244d000 	C:\WINDOWS\SYSTEM32\ntdll.dll
0x000007fab0380000 - 0x000007fab04b7000 	C:\WINDOWS\system32\KERNEL32.DLL
0x000007faaf510000 - 0x000007faaf604000 	C:\WINDOWS\system32\KERNELBASE.dll
0x000007faafa10000 - 0x000007faafaee000 	C:\WINDOWS\system32\ADVAPI32.dll
0x000007faaf850000 - 0x000007faaf99c000 	C:\WINDOWS\system32\USER32.dll
0x000007faabef0000 - 0x000007faac15a000 	C:\WINDOWS\WinSxS\amd64_microsoft.windows.common-controls_6595b64144ccf1df_6.0.9200.17359_none_4188b989718cf1c6\COMCTL32.dll
0x000007faafc10000 - 0x000007faafcb5000 	C:\WINDOWS\system32\msvcrt.dll
0x000007faafbc0000 - 0x000007faafc08000 	C:\WINDOWS\SYSTEM32\sechost.dll
0x000007faaf700000 - 0x000007faaf845000 	C:\WINDOWS\system32\RPCRT4.dll
0x000007fab2140000 - 0x000007fab2281000 	C:\WINDOWS\system32\GDI32.dll
0x000007faafb20000 - 0x000007faafb59000 	C:\WINDOWS\system32\IMM32.DLL
0x000007faafcc0000 - 0x000007faafdd5000 	C:\WINDOWS\system32\MSCTF.dll
0x000000005aab0000 - 0x000000005ab82000 	C:\Program Files\Java\jdk1.8.0_112\jre\bin\msvcr100.dll
0x000000005ae10000 - 0x000000005b6aa000 	C:\Program Files\Java\jdk1.8.0_112\jre\bin\server\jvm.dll
0x000007fa9b0a0000 - 0x000007fa9b0a9000 	C:\WINDOWS\SYSTEM32\WSOCK32.dll
0x000007faaad30000 - 0x000007faaad50000 	C:\WINDOWS\SYSTEM32\WINMM.dll
0x000007faadc90000 - 0x000007faadc99000 	C:\WINDOWS\SYSTEM32\VERSION.dll
0x000007faafde0000 - 0x000007faafde7000 	C:\WINDOWS\system32\PSAPI.DLL
0x000007faaf9b0000 - 0x000007faafa08000 	C:\WINDOWS\system32\WS2_32.dll
0x000007faaac40000 - 0x000007faaac73000 	C:\WINDOWS\SYSTEM32\WINMMBASE.dll
0x000007faaf9a0000 - 0x000007faaf9a9000 	C:\WINDOWS\system32\NSI.dll
0x000007faaf610000 - 0x000007faaf65f000 	C:\WINDOWS\SYSTEM32\cfgmgr32.dll
0x000007faaf1d0000 - 0x000007faaf1f2000 	C:\WINDOWS\system32\DEVOBJ.dll
0x000000005c950000 - 0x000000005c95f000 	C:\Program Files\Java\jdk1.8.0_112\jre\bin\verify.dll
0x000000005c470000 - 0x000000005c499000 	C:\Program Files\Java\jdk1.8.0_112\jre\bin\java.dll
0x000000005c930000 - 0x000000005c946000 	C:\Program Files\Java\jdk1.8.0_112\jre\bin\zip.dll
0x000007fab04c0000 - 0x000007fab17a5000 	C:\WINDOWS\system32\SHELL32.dll
0x000007fab1d60000 - 0x000007fab1f10000 	C:\WINDOWS\SYSTEM32\combase.dll
0x000007fab1b20000 - 0x000007fab1b70000 	C:\WINDOWS\system32\SHLWAPI.dll
0x000007faac160000 - 0x000007faac1f6000 	C:\WINDOWS\SYSTEM32\SHCORE.dll
0x000007faaf190000 - 0x000007faaf1a5000 	C:\WINDOWS\system32\profapi.dll
0x000000005ac70000 - 0x000000005ae08000 	C:\Program Files\Java\jdk1.8.0_112\jre\bin\awt.dll
0x000007fab02b0000 - 0x000007fab0373000 	C:\WINDOWS\system32\OLEAUT32.dll
0x000007faae2e0000 - 0x000007faae37e000 	C:\WINDOWS\system32\apphelp.dll
0x000007faae9b0000 - 0x000007faae9ca000 	C:\WINDOWS\SYSTEM32\CRYPTSP.dll
0x000007faae650000 - 0x000007faae69b000 	C:\WINDOWS\system32\rsaenh.dll
0x000007faaf200000 - 0x000007faaf21f000 	C:\WINDOWS\system32\USERENV.dll
0x000007faaef40000 - 0x000007faaef4a000 	C:\WINDOWS\SYSTEM32\CRYPTBASE.dll
0x000007faaeee0000 - 0x000007faaef3d000 	C:\WINDOWS\SYSTEM32\bcryptPrimitives.dll
0x000000005c450000 - 0x000000005c46a000 	C:\Program Files\Java\jdk1.8.0_112\jre\bin\net.dll
0x000007faae950000 - 0x000007faae9ac000 	C:\WINDOWS\system32\mswsock.dll
0x000007faabea0000 - 0x000007faabeca000 	C:\WINDOWS\SYSTEM32\IPHLPAPI.DLL
0x000007faabe90000 - 0x000007faabe9a000 	C:\WINDOWS\SYSTEM32\WINNSI.DLL
0x000007fa9a640000 - 0x000007fa9a653000 	C:\WINDOWS\SYSTEM32\dhcpcsvc6.DLL
0x000007fa9bcf0000 - 0x000007fa9bd08000 	C:\WINDOWS\SYSTEM32\dhcpcsvc.DLL
0x000000005c430000 - 0x000000005c441000 	C:\Program Files\Java\jdk1.8.0_112\jre\bin\nio.dll
0x000007faaac00000 - 0x000007faaac21000 	C:\WINDOWS\system32\DWMAPI.DLL
0x000007faab400000 - 0x000007faab4e6000 	C:\WINDOWS\system32\uxtheme.dll
0x000007faa3f40000 - 0x000007faa405f000 	C:\WINDOWS\system32\opengl32.dll
0x000007faa6330000 - 0x000007faa635c000 	C:\WINDOWS\SYSTEM32\GLU32.dll
0x000007faa3e50000 - 0x000007faa3f3a000 	C:\WINDOWS\SYSTEM32\DDRAW.dll
0x000007faaad00000 - 0x000007faaad08000 	C:\WINDOWS\SYSTEM32\DCIMAN32.dll
0x000007fab1b70000 - 0x000007fab1cee000 	C:\WINDOWS\system32\ole32.dll
0x000007fa9ced0000 - 0x000007fa9d0ff000 	C:\Program Files\Acer\Acer Power Management\SysHook.dll
0x000007faab020000 - 0x000007faab027000 	C:\WINDOWS\SYSTEM32\MSIMG32.dll
0x000007fab01f0000 - 0x000007fab0291000 	C:\WINDOWS\system32\COMDLG32.dll
0x000007fa915f0000 - 0x000007fa9166d000 	C:\WINDOWS\SYSTEM32\WINSPOOL.DRV
0x000007fa972f0000 - 0x000007fa9748d000 	C:\WINDOWS\WinSxS\amd64_microsoft.windows.gdiplus_6595b64144ccf1df_1.1.9200.17568_none_7274c338cc1e6bec\gdiplus.dll
0x000007fa9b190000 - 0x000007fa9b1f9000 	C:\WINDOWS\SYSTEM32\OLEACC.dll
0x000000005ab90000 - 0x000000005abc1000 	C:\Program Files\Java\jdk1.8.0_112\jre\bin\jpeg.dll
0x000000005ac20000 - 0x000000005ac67000 	C:\Program Files\Java\jdk1.8.0_112\jre\bin\fontmanager.dll
0x000000005abd0000 - 0x000000005ac12000 	C:\Program Files\Java\jdk1.8.0_112\jre\bin\t2k.dll
0x000007faaf660000 - 0x000007faaf6f6000 	C:\WINDOWS\SYSTEM32\clbcatq.dll
0x000007faaba40000 - 0x000007faabbd3000 	C:\WINDOWS\SYSTEM32\WindowsCodecs.dll

VM Arguments:
jvm_args: -Dfile.encoding=Cp1255 
java_command: Boundary.Main
java_class_path (initial): C:\Users\Acer\Desktop\Manage2W\bin;C:\Users\Acer\Desktop\UCanAccess-4.0.2-bin\lib\commons-lang3-3.8.1.jar;C:\Users\Acer\Desktop\UCanAccess-4.0.2-bin\lib\commons-logging-1.2.1.1.jar;C:\Users\Acer\Desktop\UCanAccess-4.0.2-bin\lib\hsqldb.jar;C:\Users\Acer\Desktop\UCanAccess-4.0.2-bin\lib\jackcess-3.0.0.jar;C:\Users\Acer\Desktop\UCanAccess-4.0.2-bin\lib\log4j-1.2.17.jar;C:\Users\Acer\Desktop\UCanAccess-4.0.2-bin\ucanaccess-4.0.4.jar;C:\Users\Acer\Desktop\Manage2W\jxmaps-1.3.2\demo\jxmapsdemo.jar;C:\Users\Acer\Desktop\Manage2W\jxmaps-1.3.2\lib\jxmaps-1.3.2.jar;C:\Users\Acer\Desktop\Manage2W\jxmaps-1.3.2\lib\jxmaps-linux32-1.3.2.jar;C:\Users\Acer\Desktop\Manage2W\jxmaps-1.3.2\lib\jxmaps-linux64-1.3.2.jar;C:\Users\Acer\Desktop\Manage2W\jxmaps-1.3.2\lib\jxmaps-mac-1.3.2.jar;C:\Users\Acer\Desktop\Manage2W\jxmaps-1.3.2\lib\jxmaps-win-1.3.2.jar;C:\Users\Acer\Desktop\Manage2W\DateChooser.jar;C:\Users\Acer\Desktop\Manage2W\UCanAccess-4.0.2-bin\jcalendar-1.4.jar;C:\Users\Acer\eclipse\java-2018-12\eclipse\configuration\org.eclipse.osgi\571\0\.cp\lib\js-extra-classes.jar;C:\Users\Acer\Desktop\Manage2W\jgoodies-common-1.8.0.jar;C:\Users\Acer\Desktop\Manage2W\jgoodies-forms-1.8.0.jar
Launcher Type: SUN_STANDARD

Environment Variables:
PATH=C:/Program Files/Java/jdk1.8.0_112/jre/bin/server;C:/Program Files/Java/jdk1.8.0_112/jre/bin;C:/Program Files/Java/jdk1.8.0_112/jre/lib/amd64;C:\Program Files (x86)\Intel\iCLS Client\;C:\Program Files\Intel\iCLS Client\;C:\WINDOWS\system32;C:\WINDOWS;C:\WINDOWS\System32\Wbem;C:\WINDOWS\System32\WindowsPowerShell\v1.0\;C:\Program Files (x86)\Intel\OpenCL SDK\2.0\bin\x86;C:\Program Files (x86)\Intel\OpenCL SDK\2.0\bin\x64;C:\Program Files\Intel\Intel(R) Management Engine Components\DAL;C:\Program Files\Intel\Intel(R) Management Engine Components\IPT;C:\Program Files (x86)\Intel\Intel(R) Management Engine Components\DAL;C:\Program Files (x86)\Intel\Intel(R) Management Engine Components\IPT;C:\Program Files (x86)\Windows Live\Shared;C:\Program Files\PuTTY\;C:\Users\Acer\Desktop;
USERNAME=Acer
OS=Windows_NT
PROCESSOR_IDENTIFIER=Intel64 Family 6 Model 58 Stepping 9, GenuineIntel



---------------  S Y S T E M  ---------------

OS: Windows 8 , 64 bit Build 9200 (6.2.9200.16859)

CPU:total 4 (2 cores per cpu, 2 threads per core) family 6 model 58 stepping 9, cmov, cx8, fxsr, mmx, sse, sse2, sse3, ssse3, sse4.1, sse4.2, popcnt, avx, aes, clmul, erms, ht, tsc, tscinvbit, tscinv

Memory: 4k page, physical 12455188k(1163644k free), swap 50203924k(5120k free)

vm_info: Java HotSpot(TM) 64-Bit Server VM (25.112-b15) for windows-amd64 JRE (1.8.0_112-b15), built on Sep 22 2016 21:31:56 by "java_re" with MS VC++ 10.0 (VS2010)

time: Wed Feb 19 19:00:28 2020
elapsed time: 61 seconds (0d 0h 1m 1s)

