#
# There is insufficient memory for the Java Runtime Environment to continue.
# Native memory allocation (malloc) failed to allocate 1048576 bytes for AllocateHeap
# Possible reasons:
#   The system is out of physical RAM or swap space
#   In 32 bit mode, the process size limit was hit
# Possible solutions:
#   Reduce memory load on the system
#   Increase physical memory or swap space
#   Check if swap backing store is full
#   Use 64 bit Java on a 64 bit OS
#   Decrease Java heap size (-Xmx/-Xms)
#   Decrease number of Java threads
#   Decrease Java thread stack sizes (-Xss)
#   Set larger code cache with -XX:ReservedCodeCacheSize=
# This output file may be truncated or incomplete.
#
#  Out of Memory Error (memory/allocation.inline.hpp:61), pid=10976, tid=0x0000000000001370
#
# JRE version:  (8.0_112-b15) (build )
# Java VM: Java HotSpot(TM) 64-Bit Server VM (25.112-b15 mixed mode windows-amd64 compressed oops)
# Failed to write core dump. Minidumps are not enabled by default on client versions of Windows
#

---------------  T H R E A D  ---------------

Current thread (0x0000000002bf2800):  JavaThread "Unknown thread" [_thread_in_vm, id=4976, stack(0x0000000002810000,0x0000000002910000)]

Stack: [0x0000000002810000,0x0000000002910000]
[error occurred during error reporting (printing stack bounds), id 0xc0000005]

Native frames: (J=compiled Java code, j=interpreted, Vv=VM code, C=native code)


---------------  P R O C E S S  ---------------

Java Threads: ( => current thread )

Other Threads:

=>0x0000000002bf2800 (exited) JavaThread "Unknown thread" [_thread_in_vm, id=4976, stack(0x0000000002810000,0x0000000002910000)]

VM state:not at safepoint (normal execution)

VM Mutex/Monitor currently owned by a thread: None

Heap:
 PSYoungGen      total 57344K, used 983K [0x0000000780a00000, 0x0000000784a00000, 0x00000007c0000000)
  eden space 49152K, 2% used [0x0000000780a00000,0x0000000780af5c38,0x0000000783a00000)
  from space 8192K, 0% used [0x0000000784200000,0x0000000784200000,0x0000000784a00000)
  to   space 8192K, 0% used [0x0000000783a00000,0x0000000783a00000,0x0000000784200000)
 ParOldGen       total 131072K, used 0K [0x0000000701e00000, 0x0000000709e00000, 0x0000000780a00000)
  object space 131072K, 0% used [0x0000000701e00000,0x0000000701e00000,0x0000000709e00000)
 Metaspace       used 770K, capacity 4480K, committed 4480K, reserved 1056768K
  class space    used 75K, capacity 384K, committed 384K, reserved 1048576K

Card table byte_map: [0x00000000120b0000,0x00000000126b0000] byte_map_base: 0x000000000e8a1000

Marking Bits: (ParMarkBitMap*) 0x000000005b62a6d0
 Begin Bits: [0x0000000012eb0000, 0x0000000015e38000)
 End Bits:   [0x0000000015e38000, 0x0000000018dc0000)

Polling page: 0x0000000000fe0000

CodeCache: size=245760Kb used=328Kb max_used=328Kb free=245431Kb
 bounds [0x0000000002cf0000, 0x0000000002f60000, 0x0000000011cf0000]
 total_blobs=58 nmethods=0 adapters=38
 compilation: enabled

Compilation events (0 events):
No events

GC Heap History (0 events):
No events

Deoptimization events (0 events):
No events

Internal exceptions (0 events):
No events

Events (10 events):
Event: 0.040 loading class java/lang/Short
Event: 0.041 loading class java/lang/Short done
Event: 0.041 loading class java/lang/Integer
Event: 0.041 loading class java/lang/Integer done
Event: 0.041 loading class java/lang/Long
Event: 0.041 loading class java/lang/Long done
Event: 0.043 loading class java/lang/NullPointerException
Event: 0.043 loading class java/lang/NullPointerException done
Event: 0.043 loading class java/lang/ArithmeticException
Event: 0.043 loading class java/lang/ArithmeticException done


Dynamic libraries:
0x000007f7aebd0000 - 0x000007f7aec07000 	C:\Program Files\Java\jdk1.8.0_112\bin\javaw.exe
0x000007fab2290000 - 0x000007fab244d000 	C:\WINDOWS\SYSTEM32\ntdll.dll
0x000007fab0380000 - 0x000007fab04b7000 	C:\WINDOWS\system32\KERNEL32.DLL
0x000007faaf510000 - 0x000007faaf604000 	C:\WINDOWS\system32\KERNELBASE.dll
0x000007faafa10000 - 0x000007faafaee000 	C:\WINDOWS\system32\ADVAPI32.dll
0x000007faaf850000 - 0x000007faaf99c000 	C:\WINDOWS\system32\USER32.dll
0x000007faabef0000 - 0x000007faac15a000 	C:\WINDOWS\WinSxS\amd64_microsoft.windows.common-controls_6595b64144ccf1df_6.0.9200.17359_none_4188b989718cf1c6\COMCTL32.dll
0x000007faafc10000 - 0x000007faafcb5000 	C:\WINDOWS\system32\msvcrt.dll
0x000007faafbc0000 - 0x000007faafc08000 	C:\WINDOWS\SYSTEM32\sechost.dll
0x000007faaf700000 - 0x000007faaf845000 	C:\WINDOWS\system32\RPCRT4.dll
0x000007fab2140000 - 0x000007fab2281000 	C:\WINDOWS\system32\GDI32.dll
0x000007faafb20000 - 0x000007faafb59000 	C:\WINDOWS\system32\IMM32.DLL
0x000007faafcc0000 - 0x000007faafdd5000 	C:\WINDOWS\system32\MSCTF.dll
0x000000005ad30000 - 0x000000005ae02000 	C:\Program Files\Java\jdk1.8.0_112\jre\bin\msvcr100.dll
0x000000005ae10000 - 0x000000005b6aa000 	C:\Program Files\Java\jdk1.8.0_112\jre\bin\server\jvm.dll
0x000007fa9b0a0000 - 0x000007fa9b0a9000 	C:\WINDOWS\SYSTEM32\WSOCK32.dll
0x000007faaada0000 - 0x000007faaadc0000 	C:\WINDOWS\SYSTEM32\WINMM.dll
0x000007faadc90000 - 0x000007faadc99000 	C:\WINDOWS\SYSTEM32\VERSION.dll
0x000007faafde0000 - 0x000007faafde7000 	C:\WINDOWS\system32\PSAPI.DLL
0x000007faaf9b0000 - 0x000007faafa08000 	C:\WINDOWS\system32\WS2_32.dll
0x000007faaa930000 - 0x000007faaa963000 	C:\WINDOWS\SYSTEM32\WINMMBASE.dll
0x000007faaf9a0000 - 0x000007faaf9a9000 	C:\WINDOWS\system32\NSI.dll
0x000007faaf610000 - 0x000007faaf65f000 	C:\WINDOWS\SYSTEM32\cfgmgr32.dll
0x000007faaf1d0000 - 0x000007faaf1f2000 	C:\WINDOWS\system32\DEVOBJ.dll
0x000000005c950000 - 0x000000005c95f000 	C:\Program Files\Java\jdk1.8.0_112\jre\bin\verify.dll
0x000000005c470000 - 0x000000005c499000 	C:\Program Files\Java\jdk1.8.0_112\jre\bin\java.dll
0x000000005c930000 - 0x000000005c946000 	C:\Program Files\Java\jdk1.8.0_112\jre\bin\zip.dll

VM Arguments:
jvm_args: -Dfile.encoding=Cp1255 
java_command: Boundary.Main
java_class_path (initial): C:\Users\Acer\Desktop\Manage2W\bin;C:\Users\Acer\Desktop\UCanAccess-4.0.2-bin\lib\commons-lang3-3.8.1.jar;C:\Users\Acer\Desktop\UCanAccess-4.0.2-bin\lib\commons-logging-1.2.1.1.jar;C:\Users\Acer\Desktop\UCanAccess-4.0.2-bin\lib\hsqldb.jar;C:\Users\Acer\Desktop\UCanAccess-4.0.2-bin\lib\jackcess-3.0.0.jar;C:\Users\Acer\Desktop\UCanAccess-4.0.2-bin\lib\log4j-1.2.17.jar;C:\Users\Acer\Desktop\UCanAccess-4.0.2-bin\ucanaccess-4.0.4.jar;C:\Users\Acer\Desktop\Manage2W\jxmaps-1.3.2\demo\jxmapsdemo.jar;C:\Users\Acer\Desktop\Manage2W\jxmaps-1.3.2\lib\jxmaps-1.3.2.jar;C:\Users\Acer\Desktop\Manage2W\jxmaps-1.3.2\lib\jxmaps-linux32-1.3.2.jar;C:\Users\Acer\Desktop\Manage2W\jxmaps-1.3.2\lib\jxmaps-linux64-1.3.2.jar;C:\Users\Acer\Desktop\Manage2W\jxmaps-1.3.2\lib\jxmaps-mac-1.3.2.jar;C:\Users\Acer\Desktop\Manage2W\jxmaps-1.3.2\lib\jxmaps-win-1.3.2.jar;C:\Users\Acer\Desktop\Manage2W\DateChooser.jar;C:\Users\Acer\Desktop\Manage2W\UCanAccess-4.0.2-bin\jcalendar-1.4.jar;C:\Users\Acer\eclipse\java-2018-12\eclipse\configuration\org.eclipse.osgi\571\0\.cp\lib\js-extra-classes.jar;C:\Users\Acer\Desktop\Manage2W\jgoodies-common-1.8.0.jar;C:\Users\Acer\Desktop\Manage2W\jgoodies-forms-1.8.0.jar
Launcher Type: SUN_STANDARD

Environment Variables:
PATH=C:/Program Files/Java/jdk1.8.0_112/jre/bin/server;C:/Program Files/Java/jdk1.8.0_112/jre/bin;C:/Program Files/Java/jdk1.8.0_112/jre/lib/amd64;C:\Program Files (x86)\Intel\iCLS Client\;C:\Program Files\Intel\iCLS Client\;C:\WINDOWS\system32;C:\WINDOWS;C:\WINDOWS\System32\Wbem;C:\WINDOWS\System32\WindowsPowerShell\v1.0\;C:\Program Files (x86)\Intel\OpenCL SDK\2.0\bin\x86;C:\Program Files (x86)\Intel\OpenCL SDK\2.0\bin\x64;C:\Program Files\Intel\Intel(R) Management Engine Components\DAL;C:\Program Files\Intel\Intel(R) Management Engine Components\IPT;C:\Program Files (x86)\Intel\Intel(R) Management Engine Components\DAL;C:\Program Files (x86)\Intel\Intel(R) Management Engine Components\IPT;C:\Program Files (x86)\Windows Live\Shared;C:\Program Files\PuTTY\;C:\Users\Acer\Desktop;
USERNAME=Acer
OS=Windows_NT
PROCESSOR_IDENTIFIER=Intel64 Family 6 Model 58 Stepping 9, GenuineIntel



---------------  S Y S T E M  ---------------

OS: Windows 8 , 64 bit Build 9200 (6.2.9200.16859)

CPU:total 4 (2 cores per cpu, 2 threads per core) family 6 model 58 stepping 9, cmov, cx8, fxsr, mmx, sse, sse2, sse3, ssse3, sse4.1, sse4.2, popcnt, avx, aes, clmul, erms, ht, tsc, tscinvbit, tscinv

Memory: 4k page, physical 12455188k(558468k free), swap 50203924k(5548k free)

vm_info: Java HotSpot(TM) 64-Bit Server VM (25.112-b15) for windows-amd64 JRE (1.8.0_112-b15), built on Sep 22 2016 21:31:56 by "java_re" with MS VC++ 10.0 (VS2010)

time: Mon Feb 24 17:48:33 2020
elapsed time: 0 seconds (0d 0h 0m 0s)

